<?xml version="1.0" encoding="UTF-8"?>
<testsuite xmlns:xsi="http://www.w3.org/2001/XMLSchema-instance" xsi:noNamespaceSchemaLocation="https://maven.apache.org/surefire/maven-surefire-plugin/xsd/surefire-test-report-3.0.xsd" version="3.0" name="centro35.ele.consultoriomedicoele.ConsultoriomedicoeleApplicationTests" time="5.972" tests="1" errors="0" skipped="0" failures="0">
  <properties>
[...]
</properties>
  <testcase name="contextLoads" classname="centro35.ele.consultoriomedicoele.ConsultoriomedicoeleApplicationTests" time="0.897">
    <system-out><![CDATA[23:19:50.192 [main] INFO org.springframework.test.context.support.AnnotationConfigContextLoaderUtils -- Could not detect default configuration classes for test class [centro35.ele.consultoriomedicoele.ConsultoriomedicoeleApplicationTests]: ConsultoriomedicoeleApplicationTests does not declare any static, non-private, non-final, nested classes annotated with @Configuration.
23:19:50.339 [main] INFO org.springframework.boot.test.context.SpringBootTestContextBootstrapper -- Found @SpringBootConfiguration centro35.ele.consultoriomedicoele.ConsultoriomedicoeleApplication for test class centro35.ele.consultoriomedicoele.ConsultoriomedicoeleApplicationTests
23:19:50.551 [main] INFO org.springframework.boot.devtools.restart.RestartApplicationListener -- Restart disabled due to context in which it is running

  .   ____          _            __ _ _
 /\\ / ___'_ __ _ _(_)_ __  __ _ \ \ \ \
( ( )\___ | '_ | '_| | '_ \/ _` | \ \ \ \
 \\/  ___)| |_)| | | | | || (_| |  ) ) ) )
  '  |____| .__|_| |_|_| |_\__, | / / / /
 =========|_|==============|___/=/_/_/_/
 :: Spring Boot ::                (v3.2.6)

2024-08-19T23:19:50.976-03:00  INFO 10945 --- [consultoriomedicoele] [           main] e.c.ConsultoriomedicoeleApplicationTests : Starting ConsultoriomedicoeleApplicationTests using Java 22.0.1 with PID 10945 (started by elenys in /Users/elenys/turnero-java)
2024-08-19T23:19:50.978-03:00  INFO 10945 --- [consultoriomedicoele] [           main] e.c.ConsultoriomedicoeleApplicationTests : No active profile set, falling back to 1 default profile: "default"
2024-08-19T23:19:54.482-03:00  INFO 10945 --- [consultoriomedicoele] [           main] o.s.b.a.w.s.WelcomePageHandlerMapping    : Adding welcome page template: index
2024-08-19T23:19:54.932-03:00  INFO 10945 --- [consultoriomedicoele] [           main] o.s.s.web.DefaultSecurityFilterChain     : Will secure any request with [org.springframework.security.web.session.DisableEncodeUrlFilter@2dd63e3, org.springframework.security.web.context.request.async.WebAsyncManagerIntegrationFilter@7d1c164a, org.springframework.security.web.context.SecurityContextHolderFilter@6de004f1, org.springframework.security.web.header.HeaderWriterFilter@51ff3c4b, org.springframework.web.filter.CorsFilter@209f3887, org.springframework.security.web.csrf.CsrfFilter@47df5041, org.springframework.security.web.authentication.logout.LogoutFilter@265c1a7c, org.springframework.security.web.authentication.UsernamePasswordAuthenticationFilter@fbe70d8, org.springframework.security.web.authentication.ui.DefaultLoginPageGeneratingFilter@57bd6a8f, org.springframework.security.web.authentication.ui.DefaultLogoutPageGeneratingFilter@6a98f353, org.springframework.security.web.authentication.www.BasicAuthenticationFilter@632383b9, org.springframework.security.web.savedrequest.RequestCacheAwareFilter@4026461d, org.springframework.security.web.servletapi.SecurityContextHolderAwareRequestFilter@191c6e13, org.springframework.security.web.authentication.AnonymousAuthenticationFilter@3b35798, org.springframework.security.web.access.ExceptionTranslationFilter@30922f8d, org.springframework.security.web.access.intercept.AuthorizationFilter@329dc214]
2024-08-19T23:19:54.989-03:00  INFO 10945 --- [consultoriomedicoele] [           main] e.c.ConsultoriomedicoeleApplicationTests : Started ConsultoriomedicoeleApplicationTests in 4.457 seconds (process running for 5.821)
]]></system-out>
    <system-err><![CDATA[WARNING: A Java agent has been loaded dynamically (/Users/elenys/.m2/repository/net/bytebuddy/byte-buddy-agent/1.14.16/byte-buddy-agent-1.14.16.jar)
WARNING: If a serviceability tool is in use, please run with -XX:+EnableDynamicAgentLoading to hide this warning
WARNING: If a serviceability tool is not in use, please run with -Djdk.instrument.traceUsage for more information
WARNING: Dynamic loading of agents will be disallowed by default in a future release
]]></system-err>
  </testcase>
</testsuite>